Start testing: Aug 18 19:27 CEST
----------------------------------------------------------
1/9 Testing: api_test
1/9 Test: api_test
Command: "/home/meh/devel/hotdoc/cmark/build/api_test/api_test"
Directory: /home/meh/devel/hotdoc/cmark/build/testdir
"api_test" start time: Aug 18 19:27 CEST
Output:
----------------------------------------------------------
536 tests passed, 0 failed, 0 skipped
PASS
<end of output>
Test time =   0.00 sec
----------------------------------------------------------
Test Passed.
"api_test" end time: Aug 18 19:27 CEST
"api_test" time elapsed: 00:00:00
----------------------------------------------------------

2/9 Testing: html_normalization
2/9 Test: html_normalization
Command: "/usr/bin/python3" "-m" "doctest" "/home/meh/devel/hotdoc/cmark/test/normalize.py"
Directory: /home/meh/devel/hotdoc/cmark/build/testdir
"html_normalization" start time: Aug 18 19:27 CEST
Output:
----------------------------------------------------------
<end of output>
Test time =   0.09 sec
----------------------------------------------------------
Test Passed.
"html_normalization" end time: Aug 18 19:27 CEST
"html_normalization" time elapsed: 00:00:00
----------------------------------------------------------

3/9 Testing: spectest_library
3/9 Test: spectest_library
Command: "/usr/bin/python3" "/home/meh/devel/hotdoc/cmark/test/spec_tests.py" "--no-normalize" "--spec" "/home/meh/devel/hotdoc/cmark/test/spec.txt" "--library-dir" "/home/meh/devel/hotdoc/cmark/build/testdir/../src"
Directory: /home/meh/devel/hotdoc/cmark/build/testdir
"spectest_library" start time: Aug 18 19:27 CEST
Output:
----------------------------------------------------------
627 passed, 0 failed, 0 errored, 0 skipped
<end of output>
Test time =   0.10 sec
----------------------------------------------------------
Test Passed.
"spectest_library" end time: Aug 18 19:27 CEST
"spectest_library" time elapsed: 00:00:00
----------------------------------------------------------

4/9 Testing: pathological_tests_library
4/9 Test: pathological_tests_library
Command: "/usr/bin/python3" "/home/meh/devel/hotdoc/cmark/test/pathological_tests.py" "--library-dir" "/home/meh/devel/hotdoc/cmark/build/testdir/../src"
Directory: /home/meh/devel/hotdoc/cmark/build/testdir
"pathological_tests_library" start time: Aug 18 19:27 CEST
Output:
----------------------------------------------------------
Testing pathological cases:
nested strong emph [PASSED]
many emph closers with no openers [PASSED]
many emph openers with no closers [PASSED]
many link closers with no openers [PASSED]
many link openers with no closers [PASSED]
mismatched openers and closers [PASSED]
openers and closers multiple of 3 [PASSED]
link openers and emph closers [PASSED]
hard link/emph case [PASSED]
nested brackets [PASSED]
nested block quotes [PASSED]
deeply nested lists [PASSED]
U+0000 in input [PASSED]
backticks [PASSED]
unclosed links A [PASSED]
unclosed links B [PASSED]
0 passed, 0 failed, 0 errored
<end of output>
Test time =   1.35 sec
----------------------------------------------------------
Test Passed.
"pathological_tests_library" end time: Aug 18 19:27 CEST
"pathological_tests_library" time elapsed: 00:00:01
----------------------------------------------------------

5/9 Testing: roundtriptest_library
5/9 Test: roundtriptest_library
Command: "/usr/bin/python3" "/home/meh/devel/hotdoc/cmark/test/roundtrip_tests.py" "--spec" "/home/meh/devel/hotdoc/cmark/test/spec.txt" "--library-dir" "/home/meh/devel/hotdoc/cmark/build/testdir/../src"
Directory: /home/meh/devel/hotdoc/cmark/build/testdir
"roundtriptest_library" start time: Aug 18 19:27 CEST
Output:
----------------------------------------------------------
<end of output>
Test time =   0.22 sec
----------------------------------------------------------
Test Passed.
"roundtriptest_library" end time: Aug 18 19:27 CEST
"roundtriptest_library" time elapsed: 00:00:00
----------------------------------------------------------

6/9 Testing: entity_library
6/9 Test: entity_library
Command: "/usr/bin/python3" "/home/meh/devel/hotdoc/cmark/test/entity_tests.py" "--library-dir" "/home/meh/devel/hotdoc/cmark/build/testdir/../src"
Directory: /home/meh/devel/hotdoc/cmark/build/testdir
"entity_library" start time: Aug 18 19:27 CEST
Output:
----------------------------------------------------------
Testing entities:
AElig [PASSED]
AMP [PASSED]
Aacute [PASSED]
Abreve [PASSED]
Acirc [PASSED]
Acy [PASSED]
Afr [PASSED]
Agrave [PASSED]
Alpha [PASSED]
Amacr [PASSED]
And [PASSED]
Aogon [PASSED]
Aopf [PASSED]
ApplyFunction [PASSED]
Aring [PASSED]
Ascr [PASSED]
Assign [PASSED]
Atilde [PASSED]
Auml [PASSED]
Backslash [PASSED]
Barv [PASSED]
Barwed [PASSED]
Bcy [PASSED]
Because [PASSED]
Bernoullis [PASSED]
Beta [PASSED]
Bfr [PASSED]
Bopf [PASSED]
Breve [PASSED]
Bscr [PASSED]
Bumpeq [PASSED]
CHcy [PASSED]
COPY [PASSED]
Cacute [PASSED]
Cap [PASSED]
CapitalDifferentialD [PASSED]
Cayleys [PASSED]
Ccaron [PASSED]
Ccedil [PASSED]
Ccirc [PASSED]
Cconint [PASSED]
Cdot [PASSED]
Cedilla [PASSED]
CenterDot [PASSED]
Cfr [PASSED]
Chi [PASSED]
CircleDot [PASSED]
CircleMinus [PASSED]
CirclePlus [PASSED]
CircleTimes [PASSED]
ClockwiseContourIntegral [PASSED]
CloseCurlyDoubleQuote [PASSED]
CloseCurlyQuote [PASSED]
Colon [PASSED]
Colone [PASSED]
Congruent [PASSED]
Conint [PASSED]
ContourIntegral [PASSED]
Copf [PASSED]
Coproduct [PASSED]
CounterClockwiseContourIntegral [PASSED]
Cross [PASSED]
Cscr [PASSED]
Cup [PASSED]
CupCap [PASSED]
DD [PASSED]
DDotrahd [PASSED]
DJcy [PASSED]
DScy [PASSED]
DZcy [PASSED]
Dagger [PASSED]
Darr [PASSED]
Dashv [PASSED]
Dcaron [PASSED]
Dcy [PASSED]
Del [PASSED]
Delta [PASSED]
Dfr [PASSED]
DiacriticalAcute [PASSED]
DiacriticalDot [PASSED]
DiacriticalDoubleAcute [PASSED]
DiacriticalGrave [PASSED]
DiacriticalTilde [PASSED]
Diamond [PASSED]
DifferentialD [PASSED]
Dopf [PASSED]
Dot [PASSED]
DotDot [PASSED]
DotEqual [PASSED]
DoubleContourIntegral [PASSED]
DoubleDot [PASSED]
DoubleDownArrow [PASSED]
DoubleLeftArrow [PASSED]
DoubleLeftRightArrow [PASSED]
DoubleLeftTee [PASSED]
DoubleLongLeftArrow [PASSED]
DoubleLongLeftRightArrow [PASSED]
DoubleLongRightArrow [PASSED]
DoubleRightArrow [PASSED]
DoubleRightTee [PASSED]
DoubleUpArrow [PASSED]
DoubleUpDownArrow [PASSED]
DoubleVerticalBar [PASSED]
DownArrow [PASSED]
DownArrowBar [PASSED]
DownArrowUpArrow [PASSED]
DownBreve [PASSED]
DownLeftRightVector [PASSED]
DownLeftTeeVector [PASSED]
DownLeftVector [PASSED]
DownLeftVectorBar [PASSED]
DownRightTeeVector [PASSED]
DownRightVector [PASSED]
DownRightVectorBar [PASSED]
DownTee [PASSED]
DownTeeArrow [PASSED]
Downarrow [PASSED]
Dscr [PASSED]
Dstrok [PASSED]
ENG [PASSED]
ETH [PASSED]
Eacute [PASSED]
Ecaron [PASSED]
Ecirc [PASSED]
Ecy [PASSED]
Edot [PASSED]
Efr [PASSED]
Egrave [PASSED]
Element [PASSED]
Emacr [PASSED]
EmptySmallSquare [PASSED]
EmptyVerySmallSquare [PASSED]
Eogon [PASSED]
Eopf [PASSED]
Epsilon [PASSED]
Equal [PASSED]
EqualTilde [PASSED]
Equilibrium [PASSED]
Escr [PASSED]
Esim [PASSED]
Eta [PASSED]
Euml [PASSED]
Exists [PASSED]
ExponentialE [PASSED]
Fcy [PASSED]
Ffr [PASSED]
FilledSmallSquare [PASSED]
FilledVerySmallSquare [PASSED]
Fopf [PASSED]
ForAll [PASSED]
Fouriertrf [PASSED]
Fscr [PASSED]
GJcy [PASSED]
GT [PASSED]
Gamma [PASSED]
Gammad [PASSED]
Gbreve [PASSED]
Gcedil [PASSED]
Gcirc [PASSED]
Gcy [PASSED]
Gdot [PASSED]
Gfr [PASSED]
Gg [PASSED]
Gopf [PASSED]
GreaterEqual [PASSED]
GreaterEqualLess [PASSED]
GreaterFullEqual [PASSED]
GreaterGreater [PASSED]
GreaterLess [PASSED]
GreaterSlantEqual [PASSED]
GreaterTilde [PASSED]
Gscr [PASSED]
Gt [PASSED]
HARDcy [PASSED]
Hacek [PASSED]
Hat [PASSED]
Hcirc [PASSED]
Hfr [PASSED]
HilbertSpace [PASSED]
Hopf [PASSED]
HorizontalLine [PASSED]
Hscr [PASSED]
Hstrok [PASSED]
HumpDownHump [PASSED]
HumpEqual [PASSED]
IEcy [PASSED]
IJlig [PASSED]
IOcy [PASSED]
Iacute [PASSED]
Icirc [PASSED]
Icy [PASSED]
Idot [PASSED]
Ifr [PASSED]
Igrave [PASSED]
Im [PASSED]
Imacr [PASSED]
ImaginaryI [PASSED]
Implies [PASSED]
Int [PASSED]
Integral [PASSED]
Intersection [PASSED]
InvisibleComma [PASSED]
InvisibleTimes [PASSED]
Iogon [PASSED]
Iopf [PASSED]
Iota [PASSED]
Iscr [PASSED]
Itilde [PASSED]
Iukcy [PASSED]
Iuml [PASSED]
Jcirc [PASSED]
Jcy [PASSED]
Jfr [PASSED]
Jopf [PASSED]
Jscr [PASSED]
Jsercy [PASSED]
Jukcy [PASSED]
KHcy [PASSED]
KJcy [PASSED]
Kappa [PASSED]
Kcedil [PASSED]
Kcy [PASSED]
Kfr [PASSED]
Kopf [PASSED]
Kscr [PASSED]
LJcy [PASSED]
LT [PASSED]
Lacute [PASSED]
Lambda [PASSED]
Lang [PASSED]
Laplacetrf [PASSED]
Larr [PASSED]
Lcaron [PASSED]
Lcedil [PASSED]
Lcy [PASSED]
LeftAngleBracket [PASSED]
LeftArrow [PASSED]
LeftArrowBar [PASSED]
LeftArrowRightArrow [PASSED]
LeftCeiling [PASSED]
LeftDoubleBracket [PASSED]
LeftDownTeeVector [PASSED]
LeftDownVector [PASSED]
LeftDownVectorBar [PASSED]
LeftFloor [PASSED]
LeftRightArrow [PASSED]
LeftRightVector [PASSED]
LeftTee [PASSED]
LeftTeeArrow [PASSED]
LeftTeeVector [PASSED]
LeftTriangle [PASSED]
LeftTriangleBar [PASSED]
LeftTriangleEqual [PASSED]
LeftUpDownVector [PASSED]
LeftUpTeeVector [PASSED]
LeftUpVector [PASSED]
LeftUpVectorBar [PASSED]
LeftVector [PASSED]
LeftVectorBar [PASSED]
Leftarrow [PASSED]
Leftrightarrow [PASSED]
LessEqualGreater [PASSED]
LessFullEqual [PASSED]
LessGreater [PASSED]
LessLess [PASSED]
LessSlantEqual [PASSED]
LessTilde [PASSED]
Lfr [PASSED]
Ll [PASSED]
Lleftarrow [PASSED]
Lmidot [PASSED]
LongLeftArrow [PASSED]
LongLeftRightArrow [PASSED]
LongRightArrow [PASSED]
Longleftarrow [PASSED]
Longleftrightarrow [PASSED]
Longrightarrow [PASSED]
Lopf [PASSED]
LowerLeftArrow [PASSED]
LowerRightArrow [PASSED]
Lscr [PASSED]
Lsh [PASSED]
Lstrok [PASSED]
Lt [PASSED]
Map [PASSED]
Mcy [PASSED]
MediumSpace [PASSED]
Mellintrf [PASSED]
Mfr [PASSED]
MinusPlus [PASSED]
Mopf [PASSED]
Mscr [PASSED]
Mu [PASSED]
NJcy [PASSED]
Nacute [PASSED]
Ncaron [PASSED]
Ncedil [PASSED]
Ncy [PASSED]
NegativeMediumSpace [PASSED]
NegativeThickSpace [PASSED]
NegativeThinSpace [PASSED]
NegativeVeryThinSpace [PASSED]
NestedGreaterGreater [PASSED]
NestedLessLess [PASSED]
NewLine [PASSED]
Nfr [PASSED]
NoBreak [PASSED]
NonBreakingSpace [PASSED]
Nopf [PASSED]
Not [PASSED]
NotCongruent [PASSED]
NotCupCap [PASSED]
NotDoubleVerticalBar [PASSED]
NotElement [PASSED]
NotEqual [PASSED]
NotEqualTilde [PASSED]
NotExists [PASSED]
NotGreater [PASSED]
NotGreaterEqual [PASSED]
NotGreaterFullEqual [PASSED]
NotGreaterGreater [PASSED]
NotGreaterLess [PASSED]
NotGreaterSlantEqual [PASSED]
NotGreaterTilde [PASSED]
NotHumpDownHump [PASSED]
NotHumpEqual [PASSED]
NotLeftTriangle [PASSED]
NotLeftTriangleBar [PASSED]
NotLeftTriangleEqual [PASSED]
NotLess [PASSED]
NotLessEqual [PASSED]
NotLessGreater [PASSED]
NotLessLess [PASSED]
NotLessSlantEqual [PASSED]
NotLessTilde [PASSED]
NotNestedGreaterGreater [PASSED]
NotNestedLessLess [PASSED]
NotPrecedes [PASSED]
NotPrecedesEqual [PASSED]
NotPrecedesSlantEqual [PASSED]
NotReverseElement [PASSED]
NotRightTriangle [PASSED]
NotRightTriangleBar [PASSED]
NotRightTriangleEqual [PASSED]
NotSquareSubset [PASSED]
NotSquareSubsetEqual [PASSED]
NotSquareSuperset [PASSED]
NotSquareSupersetEqual [PASSED]
NotSubset [PASSED]
NotSubsetEqual [PASSED]
NotSucceeds [PASSED]
NotSucceedsEqual [PASSED]
NotSucceedsSlantEqual [PASSED]
NotSucceedsTilde [PASSED]
NotSuperset [PASSED]
NotSupersetEqual [PASSED]
NotTilde [PASSED]
NotTildeEqual [PASSED]
NotTildeFullEqual [PASSED]
NotTildeTilde [PASSED]
NotVerticalBar [PASSED]
Nscr [PASSED]
Ntilde [PASSED]
Nu [PASSED]
OElig [PASSED]
Oacute [PASSED]
Ocirc [PASSED]
Ocy [PASSED]
Odblac [PASSED]
Ofr [PASSED]
Ograve [PASSED]
Omacr [PASSED]
Omega [PASSED]
Omicron [PASSED]
Oopf [PASSED]
OpenCurlyDoubleQuote [PASSED]
OpenCurlyQuote [PASSED]
Or [PASSED]
Oscr [PASSED]
Oslash [PASSED]
Otilde [PASSED]
Otimes [PASSED]
Ouml [PASSED]
OverBar [PASSED]
OverBrace [PASSED]
OverBracket [PASSED]
OverParenthesis [PASSED]
PartialD [PASSED]
Pcy [PASSED]
Pfr [PASSED]
Phi [PASSED]
Pi [PASSED]
PlusMinus [PASSED]
Poincareplane [PASSED]
Popf [PASSED]
Pr [PASSED]
Precedes [PASSED]
PrecedesEqual [PASSED]
PrecedesSlantEqual [PASSED]
PrecedesTilde [PASSED]
Prime [PASSED]
Product [PASSED]
Proportion [PASSED]
Proportional [PASSED]
Pscr [PASSED]
Psi [PASSED]
QUOT [PASSED]
Qfr [PASSED]
Qopf [PASSED]
Qscr [PASSED]
RBarr [PASSED]
REG [PASSED]
Racute [PASSED]
Rang [PASSED]
Rarr [PASSED]
Rarrtl [PASSED]
Rcaron [PASSED]
Rcedil [PASSED]
Rcy [PASSED]
Re [PASSED]
ReverseElement [PASSED]
ReverseEquilibrium [PASSED]
ReverseUpEquilibrium [PASSED]
Rfr [PASSED]
Rho [PASSED]
RightAngleBracket [PASSED]
RightArrow [PASSED]
RightArrowBar [PASSED]
RightArrowLeftArrow [PASSED]
RightCeiling [PASSED]
RightDoubleBracket [PASSED]
RightDownTeeVector [PASSED]
RightDownVector [PASSED]
RightDownVectorBar [PASSED]
RightFloor [PASSED]
RightTee [PASSED]
RightTeeArrow [PASSED]
RightTeeVector [PASSED]
RightTriangle [PASSED]
RightTriangleBar [PASSED]
RightTriangleEqual [PASSED]
RightUpDownVector [PASSED]
RightUpTeeVector [PASSED]
RightUpVector [PASSED]
RightUpVectorBar [PASSED]
RightVector [PASSED]
RightVectorBar [PASSED]
Rightarrow [PASSED]
Ropf [PASSED]
RoundImplies [PASSED]
Rrightarrow [PASSED]
Rscr [PASSED]
Rsh [PASSED]
RuleDelayed [PASSED]
SHCHcy [PASSED]
SHcy [PASSED]
SOFTcy [PASSED]
Sacute [PASSED]
Sc [PASSED]
Scaron [PASSED]
Scedil [PASSED]
Scirc [PASSED]
Scy [PASSED]
Sfr [PASSED]
ShortDownArrow [PASSED]
ShortLeftArrow [PASSED]
ShortRightArrow [PASSED]
ShortUpArrow [PASSED]
Sigma [PASSED]
SmallCircle [PASSED]
Sopf [PASSED]
Sqrt [PASSED]
Square [PASSED]
SquareIntersection [PASSED]
SquareSubset [PASSED]
SquareSubsetEqual [PASSED]
SquareSuperset [PASSED]
SquareSupersetEqual [PASSED]
SquareUnion [PASSED]
Sscr [PASSED]
Star [PASSED]
Sub [PASSED]
Subset [PASSED]
SubsetEqual [PASSED]
Succeeds [PASSED]
SucceedsEqual [PASSED]
SucceedsSlantEqual [PASSED]
SucceedsTilde [PASSED]
SuchThat [PASSED]
Sum [PASSED]
Sup [PASSED]
Superset [PASSED]
SupersetEqual [PASSED]
Supset [PASSED]
THORN [PASSED]
TRADE [PASSED]
TSHcy [PASSED]
TScy [PASSED]
Tab [PASSED]
Tau [PASSED]
Tcaron [PASSED]
Tcedil [PASSED]
Tcy [PASSED]
Tfr [PASSED]
Therefore [PASSED]
Theta [PASSED]
ThickSpace [PASSED]
ThinSpace [PASSED]
Tilde [PASSED]
TildeEqual [PASSED]
TildeFullEqual [PASSED]
TildeTilde [PASSED]
Topf [PASSED]
TripleDot [PASSED]
Tscr [PASSED]
Tstrok [PASSED]
Uacute [PASSED]
Uarr [PASSED]
Uarrocir [PASSED]
Ubrcy [PASSED]
Ubreve [PASSED]
Ucirc [PASSED]
Ucy [PASSED]
Udblac [PASSED]
Ufr [PASSED]
Ugrave [PASSED]
Umacr [PASSED]
UnderBar [PASSED]
UnderBrace [PASSED]
UnderBracket [PASSED]
UnderParenthesis [PASSED]
Union [PASSED]
UnionPlus [PASSED]
Uogon [PASSED]
Uopf [PASSED]
UpArrow [PASSED]
UpArrowBar [PASSED]
UpArrowDownArrow [PASSED]
UpDownArrow [PASSED]
UpEquilibrium [PASSED]
UpTee [PASSED]
UpTeeArrow [PASSED]
Uparrow [PASSED]
Updownarrow [PASSED]
UpperLeftArrow [PASSED]
UpperRightArrow [PASSED]
Upsi [PASSED]
Upsilon [PASSED]
Uring [PASSED]
Uscr [PASSED]
Utilde [PASSED]
Uuml [PASSED]
VDash [PASSED]
Vbar [PASSED]
Vcy [PASSED]
Vdash [PASSED]
Vdashl [PASSED]
Vee [PASSED]
Verbar [PASSED]
Vert [PASSED]
VerticalBar [PASSED]
VerticalLine [PASSED]
VerticalSeparator [PASSED]
VerticalTilde [PASSED]
VeryThinSpace [PASSED]
Vfr [PASSED]
Vopf [PASSED]
Vscr [PASSED]
Vvdash [PASSED]
Wcirc [PASSED]
Wedge [PASSED]
Wfr [PASSED]
Wopf [PASSED]
Wscr [PASSED]
Xfr [PASSED]
Xi [PASSED]
Xopf [PASSED]
Xscr [PASSED]
YAcy [PASSED]
YIcy [PASSED]
YUcy [PASSED]
Yacute [PASSED]
Ycirc [PASSED]
Ycy [PASSED]
Yfr [PASSED]
Yopf [PASSED]
Yscr [PASSED]
Yuml [PASSED]
ZHcy [PASSED]
Zacute [PASSED]
Zcaron [PASSED]
Zcy [PASSED]
Zdot [PASSED]
ZeroWidthSpace [PASSED]
Zeta [PASSED]
Zfr [PASSED]
Zopf [PASSED]
Zscr [PASSED]
aacute [PASSED]
abreve [PASSED]
ac [PASSED]
acE [PASSED]
acd [PASSED]
acirc [PASSED]
acute [PASSED]
acy [PASSED]
aelig [PASSED]
af [PASSED]
afr [PASSED]
agrave [PASSED]
alefsym [PASSED]
aleph [PASSED]
alpha [PASSED]
amacr [PASSED]
amalg [PASSED]
amp [PASSED]
and [PASSED]
andand [PASSED]
andd [PASSED]
andslope [PASSED]
andv [PASSED]
ang [PASSED]
ange [PASSED]
angle [PASSED]
angmsd [PASSED]
angmsdaa [PASSED]
angmsdab [PASSED]
angmsdac [PASSED]
angmsdad [PASSED]
angmsdae [PASSED]
angmsdaf [PASSED]
angmsdag [PASSED]
angmsdah [PASSED]
angrt [PASSED]
angrtvb [PASSED]
angrtvbd [PASSED]
angsph [PASSED]
angst [PASSED]
angzarr [PASSED]
aogon [PASSED]
aopf [PASSED]
ap [PASSED]
apE [PASSED]
apacir [PASSED]
ape [PASSED]
apid [PASSED]
apos [PASSED]
approx [PASSED]
approxeq [PASSED]
aring [PASSED]
ascr [PASSED]
ast [PASSED]
asymp [PASSED]
asympeq [PASSED]
atilde [PASSED]
auml [PASSED]
awconint [PASSED]
awint [PASSED]
bNot [PASSED]
backcong [PASSED]
backepsilon [PASSED]
backprime [PASSED]
backsim [PASSED]
backsimeq [PASSED]
barvee [PASSED]
barwed [PASSED]
barwedge [PASSED]
bbrk [PASSED]
bbrktbrk [PASSED]
bcong [PASSED]
bcy [PASSED]
bdquo [PASSED]
becaus [PASSED]
because [PASSED]
bemptyv [PASSED]
bepsi [PASSED]
bernou [PASSED]
beta [PASSED]
beth [PASSED]
between [PASSED]
bfr [PASSED]
bigcap [PASSED]
bigcirc [PASSED]
bigcup [PASSED]
bigodot [PASSED]
bigoplus [PASSED]
bigotimes [PASSED]
bigsqcup [PASSED]
bigstar [PASSED]
bigtriangledown [PASSED]
bigtriangleup [PASSED]
biguplus [PASSED]
bigvee [PASSED]
bigwedge [PASSED]
bkarow [PASSED]
blacklozenge [PASSED]
blacksquare [PASSED]
blacktriangle [PASSED]
blacktriangledown [PASSED]
blacktriangleleft [PASSED]
blacktriangleright [PASSED]
blank [PASSED]
blk12 [PASSED]
blk14 [PASSED]
blk34 [PASSED]
block [PASSED]
bne [PASSED]
bnequiv [PASSED]
bnot [PASSED]
bopf [PASSED]
bot [PASSED]
bottom [PASSED]
bowtie [PASSED]
boxDL [PASSED]
boxDR [PASSED]
boxDl [PASSED]
boxDr [PASSED]
boxH [PASSED]
boxHD [PASSED]
boxHU [PASSED]
boxHd [PASSED]
boxHu [PASSED]
boxUL [PASSED]
boxUR [PASSED]
boxUl [PASSED]
boxUr [PASSED]
boxV [PASSED]
boxVH [PASSED]
boxVL [PASSED]
boxVR [PASSED]
boxVh [PASSED]
boxVl [PASSED]
boxVr [PASSED]
boxbox [PASSED]
boxdL [PASSED]
boxdR [PASSED]
boxdl [PASSED]
boxdr [PASSED]
boxh [PASSED]
boxhD [PASSED]
boxhU [PASSED]
boxhd [PASSED]
boxhu [PASSED]
boxminus [PASSED]
boxplus [PASSED]
boxtimes [PASSED]
boxuL [PASSED]
boxuR [PASSED]
boxul [PASSED]
boxur [PASSED]
boxv [PASSED]
boxvH [PASSED]
boxvL [PASSED]
boxvR [PASSED]
boxvh [PASSED]
boxvl [PASSED]
boxvr [PASSED]
bprime [PASSED]
breve [PASSED]
brvbar [PASSED]
bscr [PASSED]
bsemi [PASSED]
bsim [PASSED]
bsime [PASSED]
bsol [PASSED]
bsolb [PASSED]
bsolhsub [PASSED]
bull [PASSED]
bullet [PASSED]
bump [PASSED]
bumpE [PASSED]
bumpe [PASSED]
bumpeq [PASSED]
cacute [PASSED]
cap [PASSED]
capand [PASSED]
capbrcup [PASSED]
capcap [PASSED]
capcup [PASSED]
capdot [PASSED]
caps [PASSED]
caret [PASSED]
caron [PASSED]
ccaps [PASSED]
ccaron [PASSED]
ccedil [PASSED]
ccirc [PASSED]
ccups [PASSED]
ccupssm [PASSED]
cdot [PASSED]
cedil [PASSED]
cemptyv [PASSED]
cent [PASSED]
centerdot [PASSED]
cfr [PASSED]
chcy [PASSED]
check [PASSED]
checkmark [PASSED]
chi [PASSED]
cir [PASSED]
cirE [PASSED]
circ [PASSED]
circeq [PASSED]
circlearrowleft [PASSED]
circlearrowright [PASSED]
circledR [PASSED]
circledS [PASSED]
circledast [PASSED]
circledcirc [PASSED]
circleddash [PASSED]
cire [PASSED]
cirfnint [PASSED]
cirmid [PASSED]
cirscir [PASSED]
clubs [PASSED]
clubsuit [PASSED]
colon [PASSED]
colone [PASSED]
coloneq [PASSED]
comma [PASSED]
commat [PASSED]
comp [PASSED]
compfn [PASSED]
complement [PASSED]
complexes [PASSED]
cong [PASSED]
congdot [PASSED]
conint [PASSED]
copf [PASSED]
coprod [PASSED]
copy [PASSED]
copysr [PASSED]
crarr [PASSED]
cross [PASSED]
cscr [PASSED]
csub [PASSED]
csube [PASSED]
csup [PASSED]
csupe [PASSED]
ctdot [PASSED]
cudarrl [PASSED]
cudarrr [PASSED]
cuepr [PASSED]
cuesc [PASSED]
cularr [PASSED]
cularrp [PASSED]
cup [PASSED]
cupbrcap [PASSED]
cupcap [PASSED]
cupcup [PASSED]
cupdot [PASSED]
cupor [PASSED]
cups [PASSED]
curarr [PASSED]
curarrm [PASSED]
curlyeqprec [PASSED]
curlyeqsucc [PASSED]
curlyvee [PASSED]
curlywedge [PASSED]
curren [PASSED]
curvearrowleft [PASSED]
curvearrowright [PASSED]
cuvee [PASSED]
cuwed [PASSED]
cwconint [PASSED]
cwint [PASSED]
cylcty [PASSED]
dArr [PASSED]
dHar [PASSED]
dagger [PASSED]
daleth [PASSED]
darr [PASSED]
dash [PASSED]
dashv [PASSED]
dbkarow [PASSED]
dblac [PASSED]
dcaron [PASSED]
dcy [PASSED]
dd [PASSED]
ddagger [PASSED]
ddarr [PASSED]
ddotseq [PASSED]
deg [PASSED]
delta [PASSED]
demptyv [PASSED]
dfisht [PASSED]
dfr [PASSED]
dharl [PASSED]
dharr [PASSED]
diam [PASSED]
diamond [PASSED]
diamondsuit [PASSED]
diams [PASSED]
die [PASSED]
digamma [PASSED]
disin [PASSED]
div [PASSED]
divide [PASSED]
divideontimes [PASSED]
divonx [PASSED]
djcy [PASSED]
dlcorn [PASSED]
dlcrop [PASSED]
dollar [PASSED]
dopf [PASSED]
dot [PASSED]
doteq [PASSED]
doteqdot [PASSED]
dotminus [PASSED]
dotplus [PASSED]
dotsquare [PASSED]
doublebarwedge [PASSED]
downarrow [PASSED]
downdownarrows [PASSED]
downharpoonleft [PASSED]
downharpoonright [PASSED]
drbkarow [PASSED]
drcorn [PASSED]
drcrop [PASSED]
dscr [PASSED]
dscy [PASSED]
dsol [PASSED]
dstrok [PASSED]
dtdot [PASSED]
dtri [PASSED]
dtrif [PASSED]
duarr [PASSED]
duhar [PASSED]
dwangle [PASSED]
dzcy [PASSED]
dzigrarr [PASSED]
eDDot [PASSED]
eDot [PASSED]
eacute [PASSED]
easter [PASSED]
ecaron [PASSED]
ecir [PASSED]
ecirc [PASSED]
ecolon [PASSED]
ecy [PASSED]
edot [PASSED]
ee [PASSED]
efDot [PASSED]
efr [PASSED]
eg [PASSED]
egrave [PASSED]
egs [PASSED]
egsdot [PASSED]
el [PASSED]
elinters [PASSED]
ell [PASSED]
els [PASSED]
elsdot [PASSED]
emacr [PASSED]
empty [PASSED]
emptyset [PASSED]
emptyv [PASSED]
emsp [PASSED]
emsp13 [PASSED]
emsp14 [PASSED]
eng [PASSED]
ensp [PASSED]
eogon [PASSED]
eopf [PASSED]
epar [PASSED]
eparsl [PASSED]
eplus [PASSED]
epsi [PASSED]
epsilon [PASSED]
epsiv [PASSED]
eqcirc [PASSED]
eqcolon [PASSED]
eqsim [PASSED]
eqslantgtr [PASSED]
eqslantless [PASSED]
equals [PASSED]
equest [PASSED]
equiv [PASSED]
equivDD [PASSED]
eqvparsl [PASSED]
erDot [PASSED]
erarr [PASSED]
escr [PASSED]
esdot [PASSED]
esim [PASSED]
eta [PASSED]
eth [PASSED]
euml [PASSED]
euro [PASSED]
excl [PASSED]
exist [PASSED]
expectation [PASSED]
exponentiale [PASSED]
fallingdotseq [PASSED]
fcy [PASSED]
female [PASSED]
ffilig [PASSED]
fflig [PASSED]
ffllig [PASSED]
ffr [PASSED]
filig [PASSED]
fjlig [PASSED]
flat [PASSED]
fllig [PASSED]
fltns [PASSED]
fnof [PASSED]
fopf [PASSED]
forall [PASSED]
fork [PASSED]
forkv [PASSED]
fpartint [PASSED]
frac12 [PASSED]
frac13 [PASSED]
frac14 [PASSED]
frac15 [PASSED]
frac16 [PASSED]
frac18 [PASSED]
frac23 [PASSED]
frac25 [PASSED]
frac34 [PASSED]
frac35 [PASSED]
frac38 [PASSED]
frac45 [PASSED]
frac56 [PASSED]
frac58 [PASSED]
frac78 [PASSED]
frasl [PASSED]
frown [PASSED]
fscr [PASSED]
gE [PASSED]
gEl [PASSED]
gacute [PASSED]
gamma [PASSED]
gammad [PASSED]
gap [PASSED]
gbreve [PASSED]
gcirc [PASSED]
gcy [PASSED]
gdot [PASSED]
ge [PASSED]
gel [PASSED]
geq [PASSED]
geqq [PASSED]
geqslant [PASSED]
ges [PASSED]
gescc [PASSED]
gesdot [PASSED]
gesdoto [PASSED]
gesdotol [PASSED]
gesl [PASSED]
gesles [PASSED]
gfr [PASSED]
gg [PASSED]
ggg [PASSED]
gimel [PASSED]
gjcy [PASSED]
gl [PASSED]
glE [PASSED]
gla [PASSED]
glj [PASSED]
gnE [PASSED]
gnap [PASSED]
gnapprox [PASSED]
gne [PASSED]
gneq [PASSED]
gneqq [PASSED]
gnsim [PASSED]
gopf [PASSED]
grave [PASSED]
gscr [PASSED]
gsim [PASSED]
gsime [PASSED]
gsiml [PASSED]
gt [PASSED]
gtcc [PASSED]
gtcir [PASSED]
gtdot [PASSED]
gtlPar [PASSED]
gtquest [PASSED]
gtrapprox [PASSED]
gtrarr [PASSED]
gtrdot [PASSED]
gtreqless [PASSED]
gtreqqless [PASSED]
gtrless [PASSED]
gtrsim [PASSED]
gvertneqq [PASSED]
gvnE [PASSED]
hArr [PASSED]
hairsp [PASSED]
half [PASSED]
hamilt [PASSED]
hardcy [PASSED]
harr [PASSED]
harrcir [PASSED]
harrw [PASSED]
hbar [PASSED]
hcirc [PASSED]
hearts [PASSED]
heartsuit [PASSED]
hellip [PASSED]
hercon [PASSED]
hfr [PASSED]
hksearow [PASSED]
hkswarow [PASSED]
hoarr [PASSED]
homtht [PASSED]
hookleftarrow [PASSED]
hookrightarrow [PASSED]
hopf [PASSED]
horbar [PASSED]
hscr [PASSED]
hslash [PASSED]
hstrok [PASSED]
hybull [PASSED]
hyphen [PASSED]
iacute [PASSED]
ic [PASSED]
icirc [PASSED]
icy [PASSED]
iecy [PASSED]
iexcl [PASSED]
iff [PASSED]
ifr [PASSED]
igrave [PASSED]
ii [PASSED]
iiiint [PASSED]
iiint [PASSED]
iinfin [PASSED]
iiota [PASSED]
ijlig [PASSED]
imacr [PASSED]
image [PASSED]
imagline [PASSED]
imagpart [PASSED]
imath [PASSED]
imof [PASSED]
imped [PASSED]
in [PASSED]
incare [PASSED]
infin [PASSED]
infintie [PASSED]
inodot [PASSED]
int [PASSED]
intcal [PASSED]
integers [PASSED]
intercal [PASSED]
intlarhk [PASSED]
intprod [PASSED]
iocy [PASSED]
iogon [PASSED]
iopf [PASSED]
iota [PASSED]
iprod [PASSED]
iquest [PASSED]
iscr [PASSED]
isin [PASSED]
isinE [PASSED]
isindot [PASSED]
isins [PASSED]
isinsv [PASSED]
isinv [PASSED]
it [PASSED]
itilde [PASSED]
iukcy [PASSED]
iuml [PASSED]
jcirc [PASSED]
jcy [PASSED]
jfr [PASSED]
jmath [PASSED]
jopf [PASSED]
jscr [PASSED]
jsercy [PASSED]
jukcy [PASSED]
kappa [PASSED]
kappav [PASSED]
kcedil [PASSED]
kcy [PASSED]
kfr [PASSED]
kgreen [PASSED]
khcy [PASSED]
kjcy [PASSED]
kopf [PASSED]
kscr [PASSED]
lAarr [PASSED]
lArr [PASSED]
lAtail [PASSED]
lBarr [PASSED]
lE [PASSED]
lEg [PASSED]
lHar [PASSED]
lacute [PASSED]
laemptyv [PASSED]
lagran [PASSED]
lambda [PASSED]
lang [PASSED]
langd [PASSED]
langle [PASSED]
lap [PASSED]
laquo [PASSED]
larr [PASSED]
larrb [PASSED]
larrbfs [PASSED]
larrfs [PASSED]
larrhk [PASSED]
larrlp [PASSED]
larrpl [PASSED]
larrsim [PASSED]
larrtl [PASSED]
lat [PASSED]
latail [PASSED]
late [PASSED]
lates [PASSED]
lbarr [PASSED]
lbbrk [PASSED]
lbrace [PASSED]
lbrack [PASSED]
lbrke [PASSED]
lbrksld [PASSED]
lbrkslu [PASSED]
lcaron [PASSED]
lcedil [PASSED]
lceil [PASSED]
lcub [PASSED]
lcy [PASSED]
ldca [PASSED]
ldquo [PASSED]
ldquor [PASSED]
ldrdhar [PASSED]
ldrushar [PASSED]
ldsh [PASSED]
le [PASSED]
leftarrow [PASSED]
leftarrowtail [PASSED]
leftharpoondown [PASSED]
leftharpoonup [PASSED]
leftleftarrows [PASSED]
leftrightarrow [PASSED]
leftrightarrows [PASSED]
leftrightharpoons [PASSED]
leftrightsquigarrow [PASSED]
leftthreetimes [PASSED]
leg [PASSED]
leq [PASSED]
leqq [PASSED]
leqslant [PASSED]
les [PASSED]
lescc [PASSED]
lesdot [PASSED]
lesdoto [PASSED]
lesdotor [PASSED]
lesg [PASSED]
lesges [PASSED]
lessapprox [PASSED]
lessdot [PASSED]
lesseqgtr [PASSED]
lesseqqgtr [PASSED]
lessgtr [PASSED]
lesssim [PASSED]
lfisht [PASSED]
lfloor [PASSED]
lfr [PASSED]
lg [PASSED]
lgE [PASSED]
lhard [PASSED]
lharu [PASSED]
lharul [PASSED]
lhblk [PASSED]
ljcy [PASSED]
ll [PASSED]
llarr [PASSED]
llcorner [PASSED]
llhard [PASSED]
lltri [PASSED]
lmidot [PASSED]
lmoust [PASSED]
lmoustache [PASSED]
lnE [PASSED]
lnap [PASSED]
lnapprox [PASSED]
lne [PASSED]
lneq [PASSED]
lneqq [PASSED]
lnsim [PASSED]
loang [PASSED]
loarr [PASSED]
lobrk [PASSED]
longleftarrow [PASSED]
longleftrightarrow [PASSED]
longmapsto [PASSED]
longrightarrow [PASSED]
looparrowleft [PASSED]
looparrowright [PASSED]
lopar [PASSED]
lopf [PASSED]
loplus [PASSED]
lotimes [PASSED]
lowast [PASSED]
lowbar [PASSED]
loz [PASSED]
lozenge [PASSED]
lozf [PASSED]
lpar [PASSED]
lparlt [PASSED]
lrarr [PASSED]
lrcorner [PASSED]
lrhar [PASSED]
lrhard [PASSED]
lrm [PASSED]
lrtri [PASSED]
lsaquo [PASSED]
lscr [PASSED]
lsh [PASSED]
lsim [PASSED]
lsime [PASSED]
lsimg [PASSED]
lsqb [PASSED]
lsquo [PASSED]
lsquor [PASSED]
lstrok [PASSED]
lt [PASSED]
ltcc [PASSED]
ltcir [PASSED]
ltdot [PASSED]
lthree [PASSED]
ltimes [PASSED]
ltlarr [PASSED]
ltquest [PASSED]
ltrPar [PASSED]
ltri [PASSED]
ltrie [PASSED]
ltrif [PASSED]
lurdshar [PASSED]
luruhar [PASSED]
lvertneqq [PASSED]
lvnE [PASSED]
mDDot [PASSED]
macr [PASSED]
male [PASSED]
malt [PASSED]
maltese [PASSED]
map [PASSED]
mapsto [PASSED]
mapstodown [PASSED]
mapstoleft [PASSED]
mapstoup [PASSED]
marker [PASSED]
mcomma [PASSED]
mcy [PASSED]
mdash [PASSED]
measuredangle [PASSED]
mfr [PASSED]
mho [PASSED]
micro [PASSED]
mid [PASSED]
midast [PASSED]
midcir [PASSED]
middot [PASSED]
minus [PASSED]
minusb [PASSED]
minusd [PASSED]
minusdu [PASSED]
mlcp [PASSED]
mldr [PASSED]
mnplus [PASSED]
models [PASSED]
mopf [PASSED]
mp [PASSED]
mscr [PASSED]
mstpos [PASSED]
mu [PASSED]
multimap [PASSED]
mumap [PASSED]
nGg [PASSED]
nGt [PASSED]
nGtv [PASSED]
nLeftarrow [PASSED]
nLeftrightarrow [PASSED]
nLl [PASSED]
nLt [PASSED]
nLtv [PASSED]
nRightarrow [PASSED]
nVDash [PASSED]
nVdash [PASSED]
nabla [PASSED]
nacute [PASSED]
nang [PASSED]
nap [PASSED]
napE [PASSED]
napid [PASSED]
napos [PASSED]
napprox [PASSED]
natur [PASSED]
natural [PASSED]
naturals [PASSED]
nbsp [PASSED]
nbump [PASSED]
nbumpe [PASSED]
ncap [PASSED]
ncaron [PASSED]
ncedil [PASSED]
ncong [PASSED]
ncongdot [PASSED]
ncup [PASSED]
ncy [PASSED]
ndash [PASSED]
ne [PASSED]
neArr [PASSED]
nearhk [PASSED]
nearr [PASSED]
nearrow [PASSED]
nedot [PASSED]
nequiv [PASSED]
nesear [PASSED]
nesim [PASSED]
nexist [PASSED]
nexists [PASSED]
nfr [PASSED]
ngE [PASSED]
nge [PASSED]
ngeq [PASSED]
ngeqq [PASSED]
ngeqslant [PASSED]
nges [PASSED]
ngsim [PASSED]
ngt [PASSED]
ngtr [PASSED]
nhArr [PASSED]
nharr [PASSED]
nhpar [PASSED]
ni [PASSED]
nis [PASSED]
nisd [PASSED]
niv [PASSED]
njcy [PASSED]
nlArr [PASSED]
nlE [PASSED]
nlarr [PASSED]
nldr [PASSED]
nle [PASSED]
nleftarrow [PASSED]
nleftrightarrow [PASSED]
nleq [PASSED]
nleqq [PASSED]
nleqslant [PASSED]
nles [PASSED]
nless [PASSED]
nlsim [PASSED]
nlt [PASSED]
nltri [PASSED]
nltrie [PASSED]
nmid [PASSED]
nopf [PASSED]
not [PASSED]
notin [PASSED]
notinE [PASSED]
notindot [PASSED]
notinva [PASSED]
notinvb [PASSED]
notinvc [PASSED]
notni [PASSED]
notniva [PASSED]
notnivb [PASSED]
notnivc [PASSED]
npar [PASSED]
nparallel [PASSED]
nparsl [PASSED]
npart [PASSED]
npolint [PASSED]
npr [PASSED]
nprcue [PASSED]
npre [PASSED]
nprec [PASSED]
npreceq [PASSED]
nrArr [PASSED]
nrarr [PASSED]
nrarrc [PASSED]
nrarrw [PASSED]
nrightarrow [PASSED]
nrtri [PASSED]
nrtrie [PASSED]
nsc [PASSED]
nsccue [PASSED]
nsce [PASSED]
nscr [PASSED]
nshortmid [PASSED]
nshortparallel [PASSED]
nsim [PASSED]
nsime [PASSED]
nsimeq [PASSED]
nsmid [PASSED]
nspar [PASSED]
nsqsube [PASSED]
nsqsupe [PASSED]
nsub [PASSED]
nsubE [PASSED]
nsube [PASSED]
nsubset [PASSED]
nsubseteq [PASSED]
nsubseteqq [PASSED]
nsucc [PASSED]
nsucceq [PASSED]
nsup [PASSED]
nsupE [PASSED]
nsupe [PASSED]
nsupset [PASSED]
nsupseteq [PASSED]
nsupseteqq [PASSED]
ntgl [PASSED]
ntilde [PASSED]
ntlg [PASSED]
ntriangleleft [PASSED]
ntrianglelefteq [PASSED]
ntriangleright [PASSED]
ntrianglerighteq [PASSED]
nu [PASSED]
num [PASSED]
numero [PASSED]
numsp [PASSED]
nvDash [PASSED]
nvHarr [PASSED]
nvap [PASSED]
nvdash [PASSED]
nvge [PASSED]
nvgt [PASSED]
nvinfin [PASSED]
nvlArr [PASSED]
nvle [PASSED]
nvlt [PASSED]
nvltrie [PASSED]
nvrArr [PASSED]
nvrtrie [PASSED]
nvsim [PASSED]
nwArr [PASSED]
nwarhk [PASSED]
nwarr [PASSED]
nwarrow [PASSED]
nwnear [PASSED]
oS [PASSED]
oacute [PASSED]
oast [PASSED]
ocir [PASSED]
ocirc [PASSED]
ocy [PASSED]
odash [PASSED]
odblac [PASSED]
odiv [PASSED]
odot [PASSED]
odsold [PASSED]
oelig [PASSED]
ofcir [PASSED]
ofr [PASSED]
ogon [PASSED]
ograve [PASSED]
ogt [PASSED]
ohbar [PASSED]
ohm [PASSED]
oint [PASSED]
olarr [PASSED]
olcir [PASSED]
olcross [PASSED]
oline [PASSED]
olt [PASSED]
omacr [PASSED]
omega [PASSED]
omicron [PASSED]
omid [PASSED]
ominus [PASSED]
oopf [PASSED]
opar [PASSED]
operp [PASSED]
oplus [PASSED]
or [PASSED]
orarr [PASSED]
ord [PASSED]
order [PASSED]
orderof [PASSED]
ordf [PASSED]
ordm [PASSED]
origof [PASSED]
oror [PASSED]
orslope [PASSED]
orv [PASSED]
oscr [PASSED]
oslash [PASSED]
osol [PASSED]
otilde [PASSED]
otimes [PASSED]
otimesas [PASSED]
ouml [PASSED]
ovbar [PASSED]
par [PASSED]
para [PASSED]
parallel [PASSED]
parsim [PASSED]
parsl [PASSED]
part [PASSED]
pcy [PASSED]
percnt [PASSED]
period [PASSED]
permil [PASSED]
perp [PASSED]
pertenk [PASSED]
pfr [PASSED]
phi [PASSED]
phiv [PASSED]
phmmat [PASSED]
phone [PASSED]
pi [PASSED]
pitchfork [PASSED]
piv [PASSED]
planck [PASSED]
planckh [PASSED]
plankv [PASSED]
plus [PASSED]
plusacir [PASSED]
plusb [PASSED]
pluscir [PASSED]
plusdo [PASSED]
plusdu [PASSED]
pluse [PASSED]
plusmn [PASSED]
plussim [PASSED]
plustwo [PASSED]
pm [PASSED]
pointint [PASSED]
popf [PASSED]
pound [PASSED]
pr [PASSED]
prE [PASSED]
prap [PASSED]
prcue [PASSED]
pre [PASSED]
prec [PASSED]
precapprox [PASSED]
preccurlyeq [PASSED]
preceq [PASSED]
precnapprox [PASSED]
precneqq [PASSED]
precnsim [PASSED]
precsim [PASSED]
prime [PASSED]
primes [PASSED]
prnE [PASSED]
prnap [PASSED]
prnsim [PASSED]
prod [PASSED]
profalar [PASSED]
profline [PASSED]
profsurf [PASSED]
prop [PASSED]
propto [PASSED]
prsim [PASSED]
prurel [PASSED]
pscr [PASSED]
psi [PASSED]
puncsp [PASSED]
qfr [PASSED]
qint [PASSED]
qopf [PASSED]
qprime [PASSED]
qscr [PASSED]
quaternions [PASSED]
quatint [PASSED]
quest [PASSED]
questeq [PASSED]
quot [PASSED]
rAarr [PASSED]
rArr [PASSED]
rAtail [PASSED]
rBarr [PASSED]
rHar [PASSED]
race [PASSED]
racute [PASSED]
radic [PASSED]
raemptyv [PASSED]
rang [PASSED]
rangd [PASSED]
range [PASSED]
rangle [PASSED]
raquo [PASSED]
rarr [PASSED]
rarrap [PASSED]
rarrb [PASSED]
rarrbfs [PASSED]
rarrc [PASSED]
rarrfs [PASSED]
rarrhk [PASSED]
rarrlp [PASSED]
rarrpl [PASSED]
rarrsim [PASSED]
rarrtl [PASSED]
rarrw [PASSED]
ratail [PASSED]
ratio [PASSED]
rationals [PASSED]
rbarr [PASSED]
rbbrk [PASSED]
rbrace [PASSED]
rbrack [PASSED]
rbrke [PASSED]
rbrksld [PASSED]
rbrkslu [PASSED]
rcaron [PASSED]
rcedil [PASSED]
rceil [PASSED]
rcub [PASSED]
rcy [PASSED]
rdca [PASSED]
rdldhar [PASSED]
rdquo [PASSED]
rdquor [PASSED]
rdsh [PASSED]
real [PASSED]
realine [PASSED]
realpart [PASSED]
reals [PASSED]
rect [PASSED]
reg [PASSED]
rfisht [PASSED]
rfloor [PASSED]
rfr [PASSED]
rhard [PASSED]
rharu [PASSED]
rharul [PASSED]
rho [PASSED]
rhov [PASSED]
rightarrow [PASSED]
rightarrowtail [PASSED]
rightharpoondown [PASSED]
rightharpoonup [PASSED]
rightleftarrows [PASSED]
rightleftharpoons [PASSED]
rightrightarrows [PASSED]
rightsquigarrow [PASSED]
rightthreetimes [PASSED]
ring [PASSED]
risingdotseq [PASSED]
rlarr [PASSED]
rlhar [PASSED]
rlm [PASSED]
rmoust [PASSED]
rmoustache [PASSED]
rnmid [PASSED]
roang [PASSED]
roarr [PASSED]
robrk [PASSED]
ropar [PASSED]
ropf [PASSED]
roplus [PASSED]
rotimes [PASSED]
rpar [PASSED]
rpargt [PASSED]
rppolint [PASSED]
rrarr [PASSED]
rsaquo [PASSED]
rscr [PASSED]
rsh [PASSED]
rsqb [PASSED]
rsquo [PASSED]
rsquor [PASSED]
rthree [PASSED]
rtimes [PASSED]
rtri [PASSED]
rtrie [PASSED]
rtrif [PASSED]
rtriltri [PASSED]
ruluhar [PASSED]
rx [PASSED]
sacute [PASSED]
sbquo [PASSED]
sc [PASSED]
scE [PASSED]
scap [PASSED]
scaron [PASSED]
sccue [PASSED]
sce [PASSED]
scedil [PASSED]
scirc [PASSED]
scnE [PASSED]
scnap [PASSED]
scnsim [PASSED]
scpolint [PASSED]
scsim [PASSED]
scy [PASSED]
sdot [PASSED]
sdotb [PASSED]
sdote [PASSED]
seArr [PASSED]
searhk [PASSED]
searr [PASSED]
searrow [PASSED]
sect [PASSED]
semi [PASSED]
seswar [PASSED]
setminus [PASSED]
setmn [PASSED]
sext [PASSED]
sfr [PASSED]
sfrown [PASSED]
sharp [PASSED]
shchcy [PASSED]
shcy [PASSED]
shortmid [PASSED]
shortparallel [PASSED]
shy [PASSED]
sigma [PASSED]
sigmaf [PASSED]
sigmav [PASSED]
sim [PASSED]
simdot [PASSED]
sime [PASSED]
simeq [PASSED]
simg [PASSED]
simgE [PASSED]
siml [PASSED]
simlE [PASSED]
simne [PASSED]
simplus [PASSED]
simrarr [PASSED]
slarr [PASSED]
smallsetminus [PASSED]
smashp [PASSED]
smeparsl [PASSED]
smid [PASSED]
smile [PASSED]
smt [PASSED]
smte [PASSED]
smtes [PASSED]
softcy [PASSED]
sol [PASSED]
solb [PASSED]
solbar [PASSED]
sopf [PASSED]
spades [PASSED]
spadesuit [PASSED]
spar [PASSED]
sqcap [PASSED]
sqcaps [PASSED]
sqcup [PASSED]
sqcups [PASSED]
sqsub [PASSED]
sqsube [PASSED]
sqsubset [PASSED]
sqsubseteq [PASSED]
sqsup [PASSED]
sqsupe [PASSED]
sqsupset [PASSED]
sqsupseteq [PASSED]
squ [PASSED]
square [PASSED]
squarf [PASSED]
squf [PASSED]
srarr [PASSED]
sscr [PASSED]
ssetmn [PASSED]
ssmile [PASSED]
sstarf [PASSED]
star [PASSED]
starf [PASSED]
straightepsilon [PASSED]
straightphi [PASSED]
strns [PASSED]
sub [PASSED]
subE [PASSED]
subdot [PASSED]
sube [PASSED]
subedot [PASSED]
submult [PASSED]
subnE [PASSED]
subne [PASSED]
subplus [PASSED]
subrarr [PASSED]
subset [PASSED]
subseteq [PASSED]
subseteqq [PASSED]
subsetneq [PASSED]
subsetneqq [PASSED]
subsim [PASSED]
subsub [PASSED]
subsup [PASSED]
succ [PASSED]
succapprox [PASSED]
succcurlyeq [PASSED]
succeq [PASSED]
succnapprox [PASSED]
succneqq [PASSED]
succnsim [PASSED]
succsim [PASSED]
sum [PASSED]
sung [PASSED]
sup [PASSED]
sup1 [PASSED]
sup2 [PASSED]
sup3 [PASSED]
supE [PASSED]
supdot [PASSED]
supdsub [PASSED]
supe [PASSED]
supedot [PASSED]
suphsol [PASSED]
suphsub [PASSED]
suplarr [PASSED]
supmult [PASSED]
supnE [PASSED]
supne [PASSED]
supplus [PASSED]
supset [PASSED]
supseteq [PASSED]
supseteqq [PASSED]
supsetneq [PASSED]
supsetneqq [PASSED]
supsim [PASSED]
supsub [PASSED]
supsup [PASSED]
swArr [PASSED]
swarhk [PASSED]
swarr [PASSED]
swarrow [PASSED]
swnwar [PASSED]
szlig [PASSED]
target [PASSED]
tau [PASSED]
tbrk [PASSED]
tcaron [PASSED]
tcedil [PASSED]
tcy [PASSED]
tdot [PASSED]
telrec [PASSED]
tfr [PASSED]
there4 [PASSED]
therefore [PASSED]
theta [PASSED]
thetasym [PASSED]
thetav [PASSED]
thickapprox [PASSED]
thicksim [PASSED]
thinsp [PASSED]
thkap [PASSED]
thksim [PASSED]
thorn [PASSED]
tilde [PASSED]
times [PASSED]
timesb [PASSED]
timesbar [PASSED]
timesd [PASSED]
tint [PASSED]
toea [PASSED]
top [PASSED]
topbot [PASSED]
topcir [PASSED]
topf [PASSED]
topfork [PASSED]
tosa [PASSED]
tprime [PASSED]
trade [PASSED]
triangle [PASSED]
triangledown [PASSED]
triangleleft [PASSED]
trianglelefteq [PASSED]
triangleq [PASSED]
triangleright [PASSED]
trianglerighteq [PASSED]
tridot [PASSED]
trie [PASSED]
triminus [PASSED]
triplus [PASSED]
trisb [PASSED]
tritime [PASSED]
trpezium [PASSED]
tscr [PASSED]
tscy [PASSED]
tshcy [PASSED]
tstrok [PASSED]
twixt [PASSED]
twoheadleftarrow [PASSED]
twoheadrightarrow [PASSED]
uArr [PASSED]
uHar [PASSED]
uacute [PASSED]
uarr [PASSED]
ubrcy [PASSED]
ubreve [PASSED]
ucirc [PASSED]
ucy [PASSED]
udarr [PASSED]
udblac [PASSED]
udhar [PASSED]
ufisht [PASSED]
ufr [PASSED]
ugrave [PASSED]
uharl [PASSED]
uharr [PASSED]
uhblk [PASSED]
ulcorn [PASSED]
ulcorner [PASSED]
ulcrop [PASSED]
ultri [PASSED]
umacr [PASSED]
uml [PASSED]
uogon [PASSED]
uopf [PASSED]
uparrow [PASSED]
updownarrow [PASSED]
upharpoonleft [PASSED]
upharpoonright [PASSED]
uplus [PASSED]
upsi [PASSED]
upsih [PASSED]
upsilon [PASSED]
upuparrows [PASSED]
urcorn [PASSED]
urcorner [PASSED]
urcrop [PASSED]
uring [PASSED]
urtri [PASSED]
uscr [PASSED]
utdot [PASSED]
utilde [PASSED]
utri [PASSED]
utrif [PASSED]
uuarr [PASSED]
uuml [PASSED]
uwangle [PASSED]
vArr [PASSED]
vBar [PASSED]
vBarv [PASSED]
vDash [PASSED]
vangrt [PASSED]
varepsilon [PASSED]
varkappa [PASSED]
varnothing [PASSED]
varphi [PASSED]
varpi [PASSED]
varpropto [PASSED]
varr [PASSED]
varrho [PASSED]
varsigma [PASSED]
varsubsetneq [PASSED]
varsubsetneqq [PASSED]
varsupsetneq [PASSED]
varsupsetneqq [PASSED]
vartheta [PASSED]
vartriangleleft [PASSED]
vartriangleright [PASSED]
vcy [PASSED]
vdash [PASSED]
vee [PASSED]
veebar [PASSED]
veeeq [PASSED]
vellip [PASSED]
verbar [PASSED]
vert [PASSED]
vfr [PASSED]
vltri [PASSED]
vnsub [PASSED]
vnsup [PASSED]
vopf [PASSED]
vprop [PASSED]
vrtri [PASSED]
vscr [PASSED]
vsubnE [PASSED]
vsubne [PASSED]
vsupnE [PASSED]
vsupne [PASSED]
vzigzag [PASSED]
wcirc [PASSED]
wedbar [PASSED]
wedge [PASSED]
wedgeq [PASSED]
weierp [PASSED]
wfr [PASSED]
wopf [PASSED]
wp [PASSED]
wr [PASSED]
wreath [PASSED]
wscr [PASSED]
xcap [PASSED]
xcirc [PASSED]
xcup [PASSED]
xdtri [PASSED]
xfr [PASSED]
xhArr [PASSED]
xharr [PASSED]
xi [PASSED]
xlArr [PASSED]
xlarr [PASSED]
xmap [PASSED]
xnis [PASSED]
xodot [PASSED]
xopf [PASSED]
xoplus [PASSED]
xotime [PASSED]
xrArr [PASSED]
xrarr [PASSED]
xscr [PASSED]
xsqcup [PASSED]
xuplus [PASSED]
xutri [PASSED]
xvee [PASSED]
xwedge [PASSED]
yacute [PASSED]
yacy [PASSED]
ycirc [PASSED]
ycy [PASSED]
yen [PASSED]
yfr [PASSED]
yicy [PASSED]
yopf [PASSED]
yscr [PASSED]
yucy [PASSED]
yuml [PASSED]
zacute [PASSED]
zcaron [PASSED]
zcy [PASSED]
zdot [PASSED]
zeetrf [PASSED]
zeta [PASSED]
zfr [PASSED]
zhcy [PASSED]
zigrarr [PASSED]
zopf [PASSED]
zscr [PASSED]
zwj [PASSED]
zwnj [PASSED]
2125 passed, 0 failed, 0 errored
<end of output>
Test time =   0.09 sec
----------------------------------------------------------
Test Passed.
"entity_library" end time: Aug 18 19:27 CEST
"entity_library" time elapsed: 00:00:00
----------------------------------------------------------

7/9 Testing: spectest_executable
7/9 Test: spectest_executable
Command: "/usr/bin/python3" "/home/meh/devel/hotdoc/cmark/test/spec_tests.py" "--no-normalize" "--spec" "/home/meh/devel/hotdoc/cmark/test/spec.txt" "--program" "/home/meh/devel/hotdoc/cmark/build/testdir/../src/cmark"
Directory: /home/meh/devel/hotdoc/cmark/build/testdir
"spectest_executable" start time: Aug 18 19:27 CEST
Output:
----------------------------------------------------------
627 passed, 0 failed, 0 errored, 0 skipped
<end of output>
Test time =   1.24 sec
----------------------------------------------------------
Test Passed.
"spectest_executable" end time: Aug 18 19:27 CEST
"spectest_executable" time elapsed: 00:00:01
----------------------------------------------------------

8/9 Testing: smartpuncttest_executable
8/9 Test: smartpuncttest_executable
Command: "/usr/bin/python3" "/home/meh/devel/hotdoc/cmark/test/spec_tests.py" "--no-normalize" "--spec" "/home/meh/devel/hotdoc/cmark/test/smart_punct.txt" "--program" "/home/meh/devel/hotdoc/cmark/build/testdir/../src/cmark --smart"
Directory: /home/meh/devel/hotdoc/cmark/build/testdir
"smartpuncttest_executable" start time: Aug 18 19:27 CEST
Output:
----------------------------------------------------------
16 passed, 0 failed, 0 errored, 0 skipped
<end of output>
Test time =   0.11 sec
----------------------------------------------------------
Test Passed.
"smartpuncttest_executable" end time: Aug 18 19:27 CEST
"smartpuncttest_executable" time elapsed: 00:00:00
----------------------------------------------------------

9/9 Testing: regressiontest_executable
9/9 Test: regressiontest_executable
Command: "/usr/bin/python3" "/home/meh/devel/hotdoc/cmark/test/spec_tests.py" "--no-normalize" "--spec" "/home/meh/devel/hotdoc/cmark/test/regression.txt" "--program" "/home/meh/devel/hotdoc/cmark/build/testdir/../src/cmark"
Directory: /home/meh/devel/hotdoc/cmark/build/testdir
"regressiontest_executable" start time: Aug 18 19:27 CEST
Output:
----------------------------------------------------------
9 passed, 0 failed, 0 errored, 0 skipped
<end of output>
Test time =   0.09 sec
----------------------------------------------------------
Test Passed.
"regressiontest_executable" end time: Aug 18 19:27 CEST
"regressiontest_executable" time elapsed: 00:00:00
----------------------------------------------------------

End testing: Aug 18 19:27 CEST
